<?xml version="1.0" encoding="UTF-8"?>
<!-- Generated by org.testng.reporters.JUnitReportReporter -->
<testsuite hostname="DESKTOP-H9LEG9B" failures="0" tests="1" name="OpenBankAccount.SavingsBankAccount" time="0.002" errors="0" timestamp="2023-03-31T13:19:14 GMT-08:00" skipped="0">
  <testcase classname="OpenBankAccount.SavingsBankAccount" name="savings" time="0.002"/>
  <system-out/>
</testsuite> <!-- OpenBankAccount.SavingsBankAccount -->
