<?xml version="1.0" encoding="UTF-8"?>
<!-- Generated by org.testng.reporters.JUnitReportReporter -->
<testsuite hostname="DESKTOP-H9LEG9B" failures="0" tests="1" name="OpenBankAccount.ZeroBalance" time="0.003" errors="0" timestamp="2023-03-31T13:19:14 GMT-08:00" skipped="0">
  <testcase classname="OpenBankAccount.ZeroBalance" name="ZeroforStudents" time="0.003"/>
  <system-out/>
</testsuite> <!-- OpenBankAccount.ZeroBalance -->
