<?xml version="1.0" encoding="UTF-8"?>
<!-- Generated by org.testng.reporters.JUnitReportReporter -->
<testsuite hostname="DESKTOP-H9LEG9B" failures="0" tests="1" name="OpenBankAccount.CurrentAccount" time="0.009" errors="0" timestamp="2023-03-31T13:19:14 GMT-08:00" skipped="0">
  <testcase classname="OpenBankAccount.CurrentAccount" name="currentAcc" time="0.009"/>
  <system-out/>
</testsuite> <!-- OpenBankAccount.CurrentAccount -->
