<?xml version="1.0" encoding="UTF-8"?>
<!-- Generated by org.testng.reporters.JUnitReportReporter -->
<testsuite hostname="DESKTOP-H9LEG9B" failures="0" tests="1" name="OpenBankAccount.SallariedAccount" time="0.004" errors="0" timestamp="2023-03-31T13:19:14 GMT-08:00" skipped="0">
  <testcase classname="OpenBankAccount.SallariedAccount" name="salary" time="0.004"/>
  <system-out/>
</testsuite> <!-- OpenBankAccount.SallariedAccount -->
